<?xml version="1.0" encoding="UTF-8"?>
<!-- Generated by org.testng.reporters.JUnitReportReporter -->
<testsuite hostname="WKWIN3438802" name="com.TestRunners.TestRunner" tests="2" failures="0" timestamp="14 Jan 2019 10:54:38 GMT" time="51.081" errors="0">
  <testcase name="feature" time="30.938" classname="com.TestRunners.TestRunner"/>
  <testcase name="feature" time="20.143" classname="com.TestRunners.TestRunner"/>
</testsuite> <!-- com.TestRunners.TestRunner -->
